2025-10-17 13:05:41,829 - Pika version 1.3.2 connecting to ('::1', 5672, 0, 0)
2025-10-17 13:05:41,830 - Socket connected: <socket.socket fd=1108, family=23, type=1, proto=6, laddr=('::1', 59926, 0, 0), raddr=('::1', 5672, 0, 0)>
2025-10-17 13:05:41,831 - Streaming transport linked up: (<pika.adapters.utils.io_services_utils._AsyncPlaintextTransport object at 0x000001FC3AE9CF90>, _StreamingProtocolShim: <SelectConnection PROTOCOL transport=<pika.adapters.utils.io_services_utils._AsyncPlaintextTransport object at 0x000001FC3AE9CF90> params=<ConnectionParameters host=localhost port=5672 virtual_host=/ ssl=False>>).
2025-10-17 13:05:41,885 - AMQPConnector - reporting success: <SelectConnection OPEN transport=<pika.adapters.utils.io_services_utils._AsyncPlaintextTransport object at 0x000001FC3AE9CF90> params=<ConnectionParameters host=localhost port=5672 virtual_host=/ ssl=False>>
2025-10-17 13:05:41,885 - AMQPConnectionWorkflow - reporting success: <SelectConnection OPEN transport=<pika.adapters.utils.io_services_utils._AsyncPlaintextTransport object at 0x000001FC3AE9CF90> params=<ConnectionParameters host=localhost port=5672 virtual_host=/ ssl=False>>
2025-10-17 13:05:41,885 - Connection workflow succeeded: <SelectConnection OPEN transport=<pika.adapters.utils.io_services_utils._AsyncPlaintextTransport object at 0x000001FC3AE9CF90> params=<ConnectionParameters host=localhost port=5672 virtual_host=/ ssl=False>>
2025-10-17 13:05:41,885 - Created channel=1
2025-10-17 13:06:04,733 - Processed order 0005 for customer C001
2025-10-17 13:06:04,773 - Processed order 0006 for customer C002
2025-10-17 13:14:47,629 - INFO - Pika version 1.3.2 connecting to ('::1', 5672, 0, 0)
2025-10-17 13:14:47,630 - INFO - Socket connected: <socket.socket fd=1596, family=23, type=1, proto=6, laddr=('::1', 59965, 0, 0), raddr=('::1', 5672, 0, 0)>
2025-10-17 13:14:47,631 - INFO - Streaming transport linked up: (<pika.adapters.utils.io_services_utils._AsyncPlaintextTransport object at 0x0000013635C95A10>, _StreamingProtocolShim: <SelectConnection PROTOCOL transport=<pika.adapters.utils.io_services_utils._AsyncPlaintextTransport object at 0x0000013635C95A10> params=<ConnectionParameters host=localhost port=5672 virtual_host=/ ssl=False>>).
2025-10-17 13:14:47,635 - INFO - AMQPConnector - reporting success: <SelectConnection OPEN transport=<pika.adapters.utils.io_services_utils._AsyncPlaintextTransport object at 0x0000013635C95A10> params=<ConnectionParameters host=localhost port=5672 virtual_host=/ ssl=False>>
2025-10-17 13:14:47,635 - INFO - AMQPConnectionWorkflow - reporting success: <SelectConnection OPEN transport=<pika.adapters.utils.io_services_utils._AsyncPlaintextTransport object at 0x0000013635C95A10> params=<ConnectionParameters host=localhost port=5672 virtual_host=/ ssl=False>>
2025-10-17 13:14:47,635 - INFO - Connection workflow succeeded: <SelectConnection OPEN transport=<pika.adapters.utils.io_services_utils._AsyncPlaintextTransport object at 0x0000013635C95A10> params=<ConnectionParameters host=localhost port=5672 virtual_host=/ ssl=False>>
2025-10-17 13:14:47,636 - INFO - Created channel=1
2025-10-17 13:14:50,484 - INFO - Order received: {'OrderID': '0005', 'CustomerID': 'C001', 'ProductID': 'P104', 'Quantity': 2, 'OrderDate': '2025-10-05'}
2025-10-17 13:14:50,500 - INFO - Order processed and saved: 0005
2025-10-17 13:14:50,510 - INFO - Order received: {'OrderID': '0006', 'CustomerID': 'C002', 'ProductID': 'P102', 'Quantity': 3, 'OrderDate': '2025-10-06'}
2025-10-17 13:14:50,535 - INFO - Order processed and saved: 0006
